# JRE version: Java(TM) SE Runtime Environment (8.0_65-b17) (build 1.8.0_65-b17)
# Java VM: Java HotSpot(TM) 64-Bit Server VM (25.65-b01 mixed mode windows-amd64 compressed oops)
Heap:
 PSYoungGen      total 161280K, used 64098K [0x00000000eab00000, 0x00000000f5780000, 0x0000000100000000)
  eden space 145920K, 43% used [0x00000000eab00000,0x00000000ee998958,0x00000000f3980000)
  from space 15360K, 0% used [0x00000000f4880000,0x00000000f4880000,0x00000000f5780000)
  to   space 15360K, 0% used [0x00000000f3980000,0x00000000f3980000,0x00000000f4880000)
 ParOldGen       total 58368K, used 28824K [0x00000000c0000000, 0x00000000c3900000, 0x00000000eab00000)
  object space 58368K, 49% used [0x00000000c0000000,0x00000000c1c26220,0x00000000c3900000)
 Metaspace       used 55644K, capacity 57600K, committed 59520K, reserved 1101824K
  class space    used 7213K, capacity 7455K, committed 8064K, reserved 1048576K
GC Heap History (10 events):
Event: 43325.531 GC heap before
{Heap before GC invocations=39 (full 7):
 PSYoungGen      total 109568K, used 69862K [0x00000000eab00000, 0x00000000f3d00000, 0x0000000100000000)
  eden space 95232K, 61% used [0x00000000eab00000,0x00000000ee49aff0,0x00000000f0800000)
  from space 14336K, 75% used [0x00000000f0800000,0x00000000f129e9b0,0x00000000f1600000)
  to   space 15360K, 0% used [0x00000000f2e00000,0x00000000f2e00000,0x00000000f3d00000)
 ParOldGen       total 58368K, used 26972K [0x00000000c0000000, 0x00000000c3900000, 0x00000000eab00000)
  object space 58368K, 46% used [0x00000000c0000000,0x00000000c1a57148,0x00000000c3900000)
 Metaspace       used 55227K, capacity 56852K, committed 59008K, reserved 1099776K
  class space    used 7199K, capacity 7429K, committed 8064K, reserved 1048576K
Event: 43325.546 GC heap after
Heap after GC invocations=39 (full 7):
 PSYoungGen      total 133632K, used 10816K [0x00000000eab00000, 0x00000000f3e00000, 0x0000000100000000)
  eden space 118272K, 0% used [0x00000000eab00000,0x00000000eab00000,0x00000000f1e80000)
  from space 15360K, 70% used [0x00000000f2e00000,0x00000000f3890020,0x00000000f3d00000)
  to   space 15872K, 0% used [0x00000000f1e80000,0x00000000f1e80000,0x00000000f2e00000)
 ParOldGen       total 58368K, used 26980K [0x00000000c0000000, 0x00000000c3900000, 0x00000000eab00000)
  object space 58368K, 46% used [0x00000000c0000000,0x00000000c1a59148,0x00000000c3900000)
 Metaspace       used 55227K, capacity 56852K, committed 59008K, reserved 1099776K
  class space    used 7199K, capacity 7429K, committed 8064K, reserved 1048576K
}
Event: 43325.546 GC heap before
{Heap before GC invocations=40 (full 8):
 PSYoungGen      total 133632K, used 10816K [0x00000000eab00000, 0x00000000f3e00000, 0x0000000100000000)
  eden space 118272K, 0% used [0x00000000eab00000,0x00000000eab00000,0x00000000f1e80000)
  from space 15360K, 70% used [0x00000000f2e00000,0x00000000f3890020,0x00000000f3d00000)
  to   space 15872K, 0% used [0x00000000f1e80000,0x00000000f1e80000,0x00000000f2e00000)
 ParOldGen       total 58368K, used 26980K [0x00000000c0000000, 0x00000000c3900000, 0x00000000eab00000)
  object space 58368K, 46% used [0x00000000c0000000,0x00000000c1a59148,0x00000000c3900000)
 Metaspace       used 55227K, capacity 56852K, committed 59008K, reserved 1099776K
  class space    used 7199K, capacity 7429K, committed 8064K, reserved 1048576K
Event: 43325.852 GC heap after
Heap after GC invocations=40 (full 8):
 PSYoungGen      total 133632K, used 0K [0x00000000eab00000, 0x00000000f3e00000, 0x0000000100000000)
  eden space 118272K, 0% used [0x00000000eab00000,0x00000000eab00000,0x00000000f1e80000)
  from space 15360K, 0% used [0x00000000f2e00000,0x00000000f2e00000,0x00000000f3d00000)
  to   space 15872K, 0% used [0x00000000f1e80000,0x00000000f1e80000,0x00000000f2e00000)
 ParOldGen       total 58368K, used 36561K [0x00000000c0000000, 0x00000000c3900000, 0x00000000eab00000)
  object space 58368K, 62% used [0x00000000c0000000,0x00000000c23b4710,0x00000000c3900000)
 Metaspace       used 55227K, capacity 56852K, committed 59008K, reserved 1099776K
  class space    used 7199K, capacity 7429K, committed 8064K, reserved 1048576K
}
Event: 45618.412 GC heap before
{Heap before GC invocations=41 (full 8):
 PSYoungGen      total 133632K, used 118272K [0x00000000eab00000, 0x00000000f3e00000, 0x0000000100000000)
  eden space 118272K, 100% used [0x00000000eab00000,0x00000000f1e80000,0x00000000f1e80000)
  from space 15360K, 0% used [0x00000000f2e00000,0x00000000f2e00000,0x00000000f3d00000)
  to   space 15872K, 0% used [0x00000000f1e80000,0x00000000f1e80000,0x00000000f2e00000)
 ParOldGen       total 58368K, used 36561K [0x00000000c0000000, 0x00000000c3900000, 0x00000000eab00000)
  object space 58368K, 62% used [0x00000000c0000000,0x00000000c23b4710,0x00000000c3900000)
 Metaspace       used 55537K, capacity 57536K, committed 59264K, reserved 1099776K
  class space    used 7255K, capacity 7524K, committed 8064K, reserved 1048576K
Event: 45619.755 GC heap after
Heap after GC invocations=41 (full 8):
 PSYoungGen      total 134144K, used 6250K [0x00000000eab00000, 0x00000000f5780000, 0x0000000100000000)
  eden space 118272K, 0% used [0x00000000eab00000,0x00000000eab00000,0x00000000f1e80000)
  from space 15872K, 39% used [0x00000000f1e80000,0x00000000f249a9e0,0x00000000f2e00000)
  to   space 15360K, 0% used [0x00000000f4880000,0x00000000f4880000,0x00000000f5780000)
 ParOldGen       total 58368K, used 36569K [0x00000000c0000000, 0x00000000c3900000, 0x00000000eab00000)
  object space 58368K, 62% used [0x00000000c0000000,0x00000000c23b6710,0x00000000c3900000)
 Metaspace       used 55537K, capacity 57536K, committed 59264K, reserved 1099776K
  class space    used 7255K, capacity 7524K, committed 8064K, reserved 1048576K
}
Event: 45634.690 GC heap before
{Heap before GC invocations=42 (full 8):
 PSYoungGen      total 134144K, used 77656K [0x00000000eab00000, 0x00000000f5780000, 0x0000000100000000)
  eden space 118272K, 60% used [0x00000000eab00000,0x00000000ef0bb820,0x00000000f1e80000)
  from space 15872K, 39% used [0x00000000f1e80000,0x00000000f249a9e0,0x00000000f2e00000)
  to   space 15360K, 0% used [0x00000000f4880000,0x00000000f4880000,0x00000000f5780000)
 ParOldGen       total 58368K, used 36569K [0x00000000c0000000, 0x00000000c3900000, 0x00000000eab00000)
  object space 58368K, 62% used [0x00000000c0000000,0x00000000c23b6710,0x00000000c3900000)
 Metaspace       used 55779K, capacity 57812K, committed 59264K, reserved 1099776K
  class space    used 7262K, capacity 7538K, committed 8064K, reserved 1048576K
Event: 45634.710 GC heap after
Heap after GC invocations=42 (full 8):
 PSYoungGen      total 161280K, used 1343K [0x00000000eab00000, 0x00000000f5780000, 0x0000000100000000)
  eden space 145920K, 0% used [0x00000000eab00000,0x00000000eab00000,0x00000000f3980000)
  from space 15360K, 8% used [0x00000000f4880000,0x00000000f49cfc50,0x00000000f5780000)
  to   space 15360K, 0% used [0x00000000f3980000,0x00000000f3980000,0x00000000f4880000)
 ParOldGen       total 58368K, used 36577K [0x00000000c0000000, 0x00000000c3900000, 0x00000000eab00000)
  object space 58368K, 62% used [0x00000000c0000000,0x00000000c23b8710,0x00000000c3900000)
 Metaspace       used 55779K, capacity 57812K, committed 59264K, reserved 1099776K
  class space    used 7262K, capacity 7538K, committed 8064K, reserved 1048576K
}
Event: 45634.710 GC heap before
{Heap before GC invocations=43 (full 9):
 PSYoungGen      total 161280K, used 1343K [0x00000000eab00000, 0x00000000f5780000, 0x0000000100000000)
  eden space 145920K, 0% used [0x00000000eab00000,0x00000000eab00000,0x00000000f3980000)
  from space 15360K, 8% used [0x00000000f4880000,0x00000000f49cfc50,0x00000000f5780000)
  to   space 15360K, 0% used [0x00000000f3980000,0x00000000f3980000,0x00000000f4880000)
 ParOldGen       total 58368K, used 36577K [0x00000000c0000000, 0x00000000c3900000, 0x00000000eab00000)
  object space 58368K, 62% used [0x00000000c0000000,0x00000000c23b8710,0x00000000c3900000)
 Metaspace       used 55779K, capacity 57812K, committed 59264K, reserved 1099776K
  class space    used 7262K, capacity 7538K, committed 8064K, reserved 1048576K
Event: 45634.956 GC heap after
Heap after GC invocations=43 (full 9):
 PSYoungGen      total 161280K, used 0K [0x00000000eab00000, 0x00000000f5780000, 0x0000000100000000)
  eden space 145920K, 0% used [0x00000000eab00000,0x00000000eab00000,0x00000000f3980000)
  from space 15360K, 0% used [0x00000000f4880000,0x00000000f4880000,0x00000000f5780000)
  to   space 15360K, 0% used [0x00000000f3980000,0x00000000f3980000,0x00000000f4880000)
 ParOldGen       total 58368K, used 28824K [0x00000000c0000000, 0x00000000c3900000, 0x00000000eab00000)
  object space 58368K, 49% used [0x00000000c0000000,0x00000000c1c26220,0x00000000c3900000)
 Metaspace       used 55454K, capacity 57204K, committed 59264K, reserved 1099776K
  class space    used 7182K, capacity 7405K, committed 8064K, reserved 1048576K
}

