# JRE version: Java(TM) SE Runtime Environment (8.0_65-b17) (build 1.8.0_65-b17)
# Java VM: Java HotSpot(TM) 64-Bit Server VM (25.65-b01 mixed mode windows-amd64 compressed oops)
Heap:
 PSYoungGen      total 248320K, used 65516K [0x00000000eab00000, 0x00000000fb080000, 0x0000000100000000)
  eden space 233984K, 28% used [0x00000000eab00000,0x00000000eeafb2d0,0x00000000f8f80000)
  from space 14336K, 0% used [0x00000000fa280000,0x00000000fa280000,0x00000000fb080000)
  to   space 16896K, 0% used [0x00000000f8f80000,0x00000000f8f80000,0x00000000fa000000)
 ParOldGen       total 92672K, used 30056K [0x00000000c0000000, 0x00000000c5a80000, 0x00000000eab00000)
  object space 92672K, 32% used [0x00000000c0000000,0x00000000c1d5a130,0x00000000c5a80000)
 Metaspace       used 59843K, capacity 62782K, committed 64640K, reserved 1105920K
  class space    used 7675K, capacity 7998K, committed 8576K, reserved 1048576K
GC Heap History (10 events):
Event: 11807.175 GC heap before
{Heap before GC invocations=52 (full 14):
 PSYoungGen      total 259584K, used 71497K [0x00000000eab00000, 0x00000000fbd80000, 0x0000000100000000)
  eden space 244224K, 23% used [0x00000000eab00000,0x00000000ee1efc28,0x00000000f9980000)
  from space 15360K, 99% used [0x00000000fa400000,0x00000000fb2e29c0,0x00000000fb300000)
  to   space 10752K, 0% used [0x00000000fb300000,0x00000000fb300000,0x00000000fbd80000)
 ParOldGen       total 92672K, used 28124K [0x00000000c0000000, 0x00000000c5a80000, 0x00000000eab00000)
  object space 92672K, 30% used [0x00000000c0000000,0x00000000c1b77308,0x00000000c5a80000)
 Metaspace       used 59437K, capacity 61844K, committed 64128K, reserved 1105920K
  class space    used 7638K, capacity 7938K, committed 8576K, reserved 1048576K
Event: 11807.508 GC heap after
Heap after GC invocations=52 (full 14):
 PSYoungGen      total 253952K, used 928K [0x00000000eab00000, 0x00000000fbc80000, 0x0000000100000000)
  eden space 244224K, 0% used [0x00000000eab00000,0x00000000eab00000,0x00000000f9980000)
  from space 9728K, 9% used [0x00000000fb300000,0x00000000fb3e8000,0x00000000fbc80000)
  to   space 17920K, 0% used [0x00000000f9980000,0x00000000f9980000,0x00000000fab00000)
 ParOldGen       total 92672K, used 39325K [0x00000000c0000000, 0x00000000c5a80000, 0x00000000eab00000)
  object space 92672K, 42% used [0x00000000c0000000,0x00000000c26674e0,0x00000000c5a80000)
 Metaspace       used 59437K, capacity 61844K, committed 64128K, reserved 1105920K
  class space    used 7638K, capacity 7938K, committed 8576K, reserved 1048576K
}
Event: 11807.508 GC heap before
{Heap before GC invocations=53 (full 15):
 PSYoungGen      total 253952K, used 928K [0x00000000eab00000, 0x00000000fbc80000, 0x0000000100000000)
  eden space 244224K, 0% used [0x00000000eab00000,0x00000000eab00000,0x00000000f9980000)
  from space 9728K, 9% used [0x00000000fb300000,0x00000000fb3e8000,0x00000000fbc80000)
  to   space 17920K, 0% used [0x00000000f9980000,0x00000000f9980000,0x00000000fab00000)
 ParOldGen       total 92672K, used 39325K [0x00000000c0000000, 0x00000000c5a80000, 0x00000000eab00000)
  object space 92672K, 42% used [0x00000000c0000000,0x00000000c26674e0,0x00000000c5a80000)
 Metaspace       used 59437K, capacity 61844K, committed 64128K, reserved 1105920K
  class space    used 7638K, capacity 7938K, committed 8576K, reserved 1048576K
Event: 11807.697 GC heap after
Heap after GC invocations=53 (full 15):
 PSYoungGen      total 253952K, used 0K [0x00000000eab00000, 0x00000000fbc80000, 0x0000000100000000)
  eden space 244224K, 0% used [0x00000000eab00000,0x00000000eab00000,0x00000000f9980000)
  from space 9728K, 0% used [0x00000000fb300000,0x00000000fb300000,0x00000000fbc80000)
  to   space 17920K, 0% used [0x00000000f9980000,0x00000000f9980000,0x00000000fab00000)
 ParOldGen       total 92672K, used 38553K [0x00000000c0000000, 0x00000000c5a80000, 0x00000000eab00000)
  object space 92672K, 41% used [0x00000000c0000000,0x00000000c25a6590,0x00000000c5a80000)
 Metaspace       used 59437K, capacity 61844K, committed 64128K, reserved 1105920K
  class space    used 7638K, capacity 7938K, committed 8576K, reserved 1048576K
}
Event: 17644.372 GC heap before
{Heap before GC invocations=54 (full 15):
 PSYoungGen      total 253952K, used 244224K [0x00000000eab00000, 0x00000000fbc80000, 0x0000000100000000)
  eden space 244224K, 100% used [0x00000000eab00000,0x00000000f9980000,0x00000000f9980000)
  from space 9728K, 0% used [0x00000000fb300000,0x00000000fb300000,0x00000000fbc80000)
  to   space 17920K, 0% used [0x00000000f9980000,0x00000000f9980000,0x00000000fab00000)
 ParOldGen       total 92672K, used 38553K [0x00000000c0000000, 0x00000000c5a80000, 0x00000000eab00000)
  object space 92672K, 41% used [0x00000000c0000000,0x00000000c25a6590,0x00000000c5a80000)
 Metaspace       used 59949K, capacity 63068K, committed 64384K, reserved 1105920K
  class space    used 7736K, capacity 8104K, committed 8576K, reserved 1048576K
Event: 17656.843 GC heap after
Heap after GC invocations=54 (full 15):
 PSYoungGen      total 241152K, used 7066K [0x00000000eab00000, 0x00000000fb380000, 0x0000000100000000)
  eden space 233984K, 0% used [0x00000000eab00000,0x00000000eab00000,0x00000000f8f80000)
  from space 7168K, 98% used [0x00000000f9980000,0x00000000fa0669d0,0x00000000fa080000)
  to   space 17408K, 0% used [0x00000000fa280000,0x00000000fa280000,0x00000000fb380000)
 ParOldGen       total 92672K, used 38561K [0x00000000c0000000, 0x00000000c5a80000, 0x00000000eab00000)
  object space 92672K, 41% used [0x00000000c0000000,0x00000000c25a8590,0x00000000c5a80000)
 Metaspace       used 59949K, capacity 63068K, committed 64384K, reserved 1105920K
  class space    used 7736K, capacity 8104K, committed 8576K, reserved 1048576K
}
Event: 17699.283 GC heap before
{Heap before GC invocations=55 (full 15):
 PSYoungGen      total 241152K, used 76014K [0x00000000eab00000, 0x00000000fb380000, 0x0000000100000000)
  eden space 233984K, 29% used [0x00000000eab00000,0x00000000eee54f80,0x00000000f8f80000)
  from space 7168K, 98% used [0x00000000f9980000,0x00000000fa0669d0,0x00000000fa080000)
  to   space 17408K, 0% used [0x00000000fa280000,0x00000000fa280000,0x00000000fb380000)
 ParOldGen       total 92672K, used 38561K [0x00000000c0000000, 0x00000000c5a80000, 0x00000000eab00000)
  object space 92672K, 41% used [0x00000000c0000000,0x00000000c25a8590,0x00000000c5a80000)
 Metaspace       used 60046K, capacity 63162K, committed 64384K, reserved 1105920K
  class space    used 7740K, capacity 8109K, committed 8576K, reserved 1048576K
Event: 17699.718 GC heap after
Heap after GC invocations=55 (full 15):
 PSYoungGen      total 248320K, used 655K [0x00000000eab00000, 0x00000000fb080000, 0x0000000100000000)
  eden space 233984K, 0% used [0x00000000eab00000,0x00000000eab00000,0x00000000f8f80000)
  from space 14336K, 4% used [0x00000000fa280000,0x00000000fa323c40,0x00000000fb080000)
  to   space 16896K, 0% used [0x00000000f8f80000,0x00000000f8f80000,0x00000000fa000000)
 ParOldGen       total 92672K, used 40061K [0x00000000c0000000, 0x00000000c5a80000, 0x00000000eab00000)
  object space 92672K, 43% used [0x00000000c0000000,0x00000000c271f680,0x00000000c5a80000)
 Metaspace       used 60046K, capacity 63162K, committed 64384K, reserved 1105920K
  class space    used 7740K, capacity 8109K, committed 8576K, reserved 1048576K
}
Event: 17699.718 GC heap before
{Heap before GC invocations=56 (full 16):
 PSYoungGen      total 248320K, used 655K [0x00000000eab00000, 0x00000000fb080000, 0x0000000100000000)
  eden space 233984K, 0% used [0x00000000eab00000,0x00000000eab00000,0x00000000f8f80000)
  from space 14336K, 4% used [0x00000000fa280000,0x00000000fa323c40,0x00000000fb080000)
  to   space 16896K, 0% used [0x00000000f8f80000,0x00000000f8f80000,0x00000000fa000000)
 ParOldGen       total 92672K, used 40061K [0x00000000c0000000, 0x00000000c5a80000, 0x00000000eab00000)
  object space 92672K, 43% used [0x00000000c0000000,0x00000000c271f680,0x00000000c5a80000)
 Metaspace       used 60046K, capacity 63162K, committed 64384K, reserved 1105920K
  class space    used 7740K, capacity 8109K, committed 8576K, reserved 1048576K
Event: 17724.662 GC heap after
Heap after GC invocations=56 (full 16):
 PSYoungGen      total 248320K, used 0K [0x00000000eab00000, 0x00000000fb080000, 0x0000000100000000)
  eden space 233984K, 0% used [0x00000000eab00000,0x00000000eab00000,0x00000000f8f80000)
  from space 14336K, 0% used [0x00000000fa280000,0x00000000fa280000,0x00000000fb080000)
  to   space 16896K, 0% used [0x00000000f8f80000,0x00000000f8f80000,0x00000000fa000000)
 ParOldGen       total 92672K, used 30056K [0x00000000c0000000, 0x00000000c5a80000, 0x00000000eab00000)
  object space 92672K, 32% used [0x00000000c0000000,0x00000000c1d5a130,0x00000000c5a80000)
 Metaspace       used 59651K, capacity 62404K, committed 64384K, reserved 1105920K
  class space    used 7645K, capacity 7951K, committed 8576K, reserved 1048576K
}

